c:\users\laith\desktop\my project\backup\laithdriver\build\vm_intermediates\vc143.pdb
c:\users\laith\desktop\my project\backup\laithdriver\build\vm_intermediates\main.obj
c:\users\laith\desktop\my project\backup\laithdriver\build\km.sys
c:\users\laith\desktop\my project\backup\laithdriver\build\km.pdb
c:\users\laith\desktop\my project\backup\laithdriver\build\vm_intermediates\km.inf
c:\users\laith\desktop\my project\backup\laithdriver\build\km.inf
c:\users\laith\desktop\my project\backup\laithdriver\build\vm_intermediates\km.vcxproj.filelistabsolute.txt
c:\users\laith\desktop\my project\backup\laithdriver\build\vm_intermediates\km.tlog\cl.command.1.tlog
c:\users\laith\desktop\my project\backup\laithdriver\build\vm_intermediates\km.tlog\cl.read.1.tlog
c:\users\laith\desktop\my project\backup\laithdriver\build\vm_intermediates\km.tlog\cl.write.1.tlog
c:\users\laith\desktop\my project\backup\laithdriver\build\vm_intermediates\km.tlog\inf2cat-expand.13400.read.1.tlog
c:\users\laith\desktop\my project\backup\laithdriver\build\vm_intermediates\km.tlog\inf2cat-expand.13400.write.1.tlog
c:\users\laith\desktop\my project\backup\laithdriver\build\vm_intermediates\km.tlog\inf2cat-expand.13888.read.1.tlog
c:\users\laith\desktop\my project\backup\laithdriver\build\vm_intermediates\km.tlog\inf2cat-expand.13888.write.1.tlog
c:\users\laith\desktop\my project\backup\laithdriver\build\vm_intermediates\km.tlog\inf2cat-expand.14612.read.1.tlog
c:\users\laith\desktop\my project\backup\laithdriver\build\vm_intermediates\km.tlog\inf2cat-expand.14612.write.1.tlog
c:\users\laith\desktop\my project\backup\laithdriver\build\vm_intermediates\km.tlog\inf2cat-expand.read.1.tlog
c:\users\laith\desktop\my project\backup\laithdriver\build\vm_intermediates\km.tlog\inf2cat-expand.write.1.tlog
c:\users\laith\desktop\my project\backup\laithdriver\build\vm_intermediates\km.tlog\inf2cat.command.1.tlog
c:\users\laith\desktop\my project\backup\laithdriver\build\vm_intermediates\km.tlog\inf2cat.read.1.tlog
c:\users\laith\desktop\my project\backup\laithdriver\build\vm_intermediates\km.tlog\inf2cat.write.1.tlog
c:\users\laith\desktop\my project\backup\laithdriver\build\vm_intermediates\km.tlog\link.command.1.tlog
c:\users\laith\desktop\my project\backup\laithdriver\build\vm_intermediates\km.tlog\link.read.1.tlog
c:\users\laith\desktop\my project\backup\laithdriver\build\vm_intermediates\km.tlog\link.secondary.1.tlog
c:\users\laith\desktop\my project\backup\laithdriver\build\vm_intermediates\km.tlog\link.write.1.tlog
c:\users\laith\desktop\my project\backup\laithdriver\build\vm_intermediates\km.tlog\stampinf.command.1.tlog
c:\users\laith\desktop\my project\backup\laithdriver\build\vm_intermediates\km.tlog\stampinf.read.1.tlog
c:\users\laith\desktop\my project\backup\laithdriver\build\vm_intermediates\km.tlog\stampinf.write.1.tlog
